<?xml version="1.0" encoding="UTF-8"?>
<!-- Generated by org.testng.reporters.JUnitXMLReporter -->
<testsuite hostname="Rajiv" ignored="0" name="Test" tests="3" failures="3" timestamp="01 Feb 2019 04:33:44 GMT" time="88.673" errors="0">
  <testcase name="validateLoginImage" time="0.078" classname="qa.crm.testcases.LoginPageTest">
    <failure type="java.lang.AssertionError" message="expected [true] but found [false]">
      <![CDATA[java.lang.AssertionError: expected [true] but found [false]
	at qa.crm.testcases.LoginPageTest.validateLoginImage(LoginPageTest.java:51)
... Removed 29 stack frames]]>
    </failure>
  </testcase> <!-- validateLoginImage -->
  <testcase name="validateLoginPageTitle" time="0.013" classname="qa.crm.testcases.LoginPageTest">
    <failure type="java.lang.AssertionError" message="expected [#1 Free CRM software in the cloud for sales and service1] but found [#1 Free CRM software in the cloud for sales and service]">
      <![CDATA[java.lang.AssertionError: expected [#1 Free CRM software in the cloud for sales and service1] but found [#1 Free CRM software in the cloud for sales and service]
	at qa.crm.testcases.LoginPageTest.validateLoginPageTitle(LoginPageTest.java:62)
... Removed 31 stack frames]]>
    </failure>
  </testcase> <!-- validateLoginPageTitle -->
  <testcase name="LoginTest" time="18.248" classname="qa.crm.testcases.LoginPageTest">
    <failure type="java.lang.AssertionError" message="expected [true] but found [false]">
      <![CDATA[java.lang.AssertionError: expected [true] but found [false]
	at qa.crm.testcases.LoginPageTest.LoginTest(LoginPageTest.java:73)
... Removed 29 stack frames]]>
    </failure>
  </testcase> <!-- LoginTest -->
</testsuite> <!-- Test -->
