<?xml version="1.0" encoding="UTF-8"?>
<!-- Generated by org.testng.reporters.JUnitXMLReporter -->
<testsuite hostname="Rajiv" ignored="2" name="Default test(failed)(failed)" tests="1" failures="0" timestamp="01 Feb 2019 07:07:54 GMT" time="0.264" errors="0">
  <testcase name="@BeforeMethod setup" time="0.0" classname="qa.crm.testcases.LoginPageTest">
    <failure type="org.testng.TestNGException" message="
Parameter &amp;apos;mybrowser&amp;apos; is required by BeforeMethod on method setup but has not been marked @Optional or defined
in C:\Users\Rajiv\maven\POM_Project\test-output\Failed suite [Default suite]\testng-failed.xml">
      <![CDATA[org.testng.TestNGException: 
Parameter 'mybrowser' is required by BeforeMethod on method setup but has not been marked @Optional or defined
in C:\Users\Rajiv\maven\POM_Project\test-output\Failed suite [Default suite]\testng-failed.xml
... Removed 25 stack frames]]>
    </failure>
  </testcase> <!-- @BeforeMethod setup -->
  <testcase name="@AfterMethod closeTest" time="0.0" classname="qa.crm.testcases.LoginPageTest">
    <skipped/>
  </testcase> <!-- @AfterMethod closeTest -->
  <testcase name="@AfterMethod setup" time="0.0" classname="qa.crm.testcases.LoginPageTest">
    <skipped/>
  </testcase> <!-- @AfterMethod setup -->
  <testcase name="LoginTest" time="0.001" classname="qa.crm.testcases.LoginPageTest">
    <skipped/>
  </testcase> <!-- LoginTest -->
  <testcase name="validateLoginImage" time="0.0" classname="qa.crm.testcases.LoginPageTest">
    <ignored/>
  </testcase> <!-- validateLoginImage -->
  <testcase name="validateLoginPageTitle" time="0.0" classname="qa.crm.testcases.LoginPageTest">
    <ignored/>
  </testcase> <!-- validateLoginPageTitle -->
</testsuite> <!-- Default test(failed)(failed) -->
